<?xml version="1.0" encoding="UTF-8"?>
<testsuite name="djavy.list.LinkedListTest" tests="4" skipped="0" failures="0" errors="0" timestamp="2024-08-31T00:59:20" hostname="192" time="0.101">
  <properties/>
  <testcase name="testAdd()" classname="djavy.list.LinkedListTest" time="0.06"/>
  <testcase name="testRemoveMissing()" classname="djavy.list.LinkedListTest" time="0.004"/>
  <testcase name="testRemove()" classname="djavy.list.LinkedListTest" time="0.005"/>
  <testcase name="testConstructor()" classname="djavy.list.LinkedListTest" time="0.016"/>
  <system-out><![CDATA[]]></system-out>
  <system-err><![CDATA[]]></system-err>
</testsuite>
